  buffer.cpp
  Please define _WIN32_WINNT or _WIN32_WINDOWS appropriately. For example:
  - add -D_WIN32_WINNT=0x0601 to the compiler command line; or
  - add _WIN32_WINNT=0x0601 to your project's Preprocessor Definitions.
  Assuming _WIN32_WINNT=0x0601 (i.e. Windows 7 target).
D:\BitcoinWalletApp\SPV_CORE\SPV\SPV\buffer.cpp(42,46): warning C4244: 'initializing': conversion from 'uintmax_t' to 'int', possible loss of data
D:\BitcoinWalletApp\SPV_CORE\SPV\SPV\buffer.cpp(42,28): warning C4244: 'initializing': conversion from 'uintmax_t' to 'const int', possible loss of data
  converter.cpp
  Please define _WIN32_WINNT or _WIN32_WINDOWS appropriately. For example:
  - add -D_WIN32_WINNT=0x0601 to the compiler command line; or
  - add _WIN32_WINNT=0x0601 to your project's Preprocessor Definitions.
  Assuming _WIN32_WINNT=0x0601 (i.e. Windows 7 target).
D:\BitcoinWalletApp\SPV_CORE\SPV\SPV\converter.cpp(124,41): warning C4018: '<': signed/unsigned mismatch
  dissector.cpp
  Please define _WIN32_WINNT or _WIN32_WINDOWS appropriately. For example:
  - add -D_WIN32_WINNT=0x0601 to the compiler command line; or
  - add _WIN32_WINNT=0x0601 to your project's Preprocessor Definitions.
  Assuming _WIN32_WINNT=0x0601 (i.e. Windows 7 target).
  message.cpp
  Please define _WIN32_WINNT or _WIN32_WINDOWS appropriately. For example:
  - add -D_WIN32_WINNT=0x0601 to the compiler command line; or
  - add _WIN32_WINNT=0x0601 to your project's Preprocessor Definitions.
  Assuming _WIN32_WINNT=0x0601 (i.e. Windows 7 target).
  pow.cpp
  Please define _WIN32_WINNT or _WIN32_WINDOWS appropriately. For example:
  - add -D_WIN32_WINNT=0x0601 to the compiler command line; or
  - add _WIN32_WINNT=0x0601 to your project's Preprocessor Definitions.
  Assuming _WIN32_WINNT=0x0601 (i.e. Windows 7 target).
D:\BitcoinWalletApp\SPV_CORE\SPV\SPV\pow.cpp(29,21): warning C4018: '<': signed/unsigned mismatch
  tcp_client.cpp
  Please define _WIN32_WINNT or _WIN32_WINDOWS appropriately. For example:
  - add -D_WIN32_WINNT=0x0601 to the compiler command line; or
  - add _WIN32_WINNT=0x0601 to your project's Preprocessor Definitions.
  Assuming _WIN32_WINNT=0x0601 (i.e. Windows 7 target).
D:\BitcoinWalletApp\SPV_CORE\SPV\SPV\tcp_client.cpp(44,27): warning C4018: '<': signed/unsigned mismatch
D:\BitcoinWalletApp\SPV_CORE\SPV\SPV\tcp_client.cpp(88,21): warning C4018: '<': signed/unsigned mismatch
     Creating library D:\BitcoinWalletApp\SPV_CORE\SPV\Release\SPV.lib and object D:\BitcoinWalletApp\SPV_CORE\SPV\Release\SPV.exp
  Generating code
  0 of 2665 functions ( 0.0%) were compiled, the rest were copied from previous compilation.
    0 functions were new in current compilation
    0 functions had inline decision re-evaluated but remain unchanged
  Finished generating code
  SPV.vcxproj -> D:\BitcoinWalletApp\SPV_CORE\SPV\Release\SPV.dll
