d:\bitcoinwalletapp\spv_core\spv\spv\release\vc143.pdb
d:\bitcoinwalletapp\spv_core\spv\spv\release\tcp_client.obj
d:\bitcoinwalletapp\spv_core\spv\spv\release\pow.obj
d:\bitcoinwalletapp\spv_core\spv\spv\release\message.obj
d:\bitcoinwalletapp\spv_core\spv\spv\release\dllmain.obj
d:\bitcoinwalletapp\spv_core\spv\spv\release\converter.obj
d:\bitcoinwalletapp\spv_core\spv\spv\release\dissector.obj
d:\bitcoinwalletapp\spv_core\spv\spv\release\buffer.obj
d:\bitcoinwalletapp\spv_core\spv\release\spv.dll
d:\bitcoinwalletapp\spv_core\spv\spv\release\spv.ipdb
d:\bitcoinwalletapp\spv_core\spv\spv\release\spv.iobj
d:\bitcoinwalletapp\spv_core\spv\release\spv.pdb
d:\bitcoinwalletapp\spv_core\spv\release\spv.lib
d:\bitcoinwalletapp\spv_core\spv\release\spv.exp
d:\bitcoinwalletapp\spv_core\spv\spv\release\spv.tlog\cl.command.1.tlog
d:\bitcoinwalletapp\spv_core\spv\spv\release\spv.tlog\cl.read.1.tlog
d:\bitcoinwalletapp\spv_core\spv\spv\release\spv.tlog\cl.write.1.tlog
d:\bitcoinwalletapp\spv_core\spv\spv\release\spv.tlog\link.command.1.tlog
d:\bitcoinwalletapp\spv_core\spv\spv\release\spv.tlog\link.read.1.tlog
d:\bitcoinwalletapp\spv_core\spv\spv\release\spv.tlog\link.write.1.tlog
d:\bitcoinwalletapp\spv_core\spv\spv\release\spv.tlog\spv.write.1u.tlog
