  buffer.cpp
  Please define _WIN32_WINNT or _WIN32_WINDOWS appropriately. For example:
  - add -D_WIN32_WINNT=0x0601 to the compiler command line; or
  - add _WIN32_WINNT=0x0601 to your project's Preprocessor Definitions.
  Assuming _WIN32_WINNT=0x0601 (i.e. Windows 7 target).
  dissector.cpp
  Please define _WIN32_WINNT or _WIN32_WINDOWS appropriately. For example:
  - add -D_WIN32_WINNT=0x0601 to the compiler command line; or
  - add _WIN32_WINNT=0x0601 to your project's Preprocessor Definitions.
  Assuming _WIN32_WINNT=0x0601 (i.e. Windows 7 target).
  converter.cpp
  Please define _WIN32_WINNT or _WIN32_WINDOWS appropriately. For example:
  - add -D_WIN32_WINNT=0x0601 to the compiler command line; or
  - add _WIN32_WINNT=0x0601 to your project's Preprocessor Definitions.
  Assuming _WIN32_WINNT=0x0601 (i.e. Windows 7 target).
D:\BitcoinWalletApp\SPV_CORE\SPV\SPV\converter.cpp(17,26): warning C4267: 'initializing': conversion from 'size_t' to 'int', possible loss of data
D:\BitcoinWalletApp\SPV_CORE\SPV\SPV\converter.cpp(124,4): warning C4267: 'initializing': conversion from 'size_t' to 'int', possible loss of data
  dllmain.cpp
  message.cpp
  Please define _WIN32_WINNT or _WIN32_WINDOWS appropriately. For example:
  - add -D_WIN32_WINNT=0x0601 to the compiler command line; or
  - add _WIN32_WINNT=0x0601 to your project's Preprocessor Definitions.
  Assuming _WIN32_WINNT=0x0601 (i.e. Windows 7 target).
D:\BitcoinWalletApp\SPV_CORE\SPV\SPV\message.cpp(166,41): warning C4267: 'initializing': conversion from 'size_t' to 'uint32_t', possible loss of data
  pow.cpp
  Please define _WIN32_WINNT or _WIN32_WINDOWS appropriately. For example:
  - add -D_WIN32_WINNT=0x0601 to the compiler command line; or
  - add _WIN32_WINNT=0x0601 to your project's Preprocessor Definitions.
  Assuming _WIN32_WINNT=0x0601 (i.e. Windows 7 target).
  spv-model.h
  tcp_client.cpp
  Please define _WIN32_WINNT or _WIN32_WINDOWS appropriately. For example:
  - add -D_WIN32_WINNT=0x0601 to the compiler command line; or
  - add _WIN32_WINNT=0x0601 to your project's Preprocessor Definitions.
  Assuming _WIN32_WINNT=0x0601 (i.e. Windows 7 target).
D:\BitcoinWalletApp\SPV_CORE\SPV\SPV\tcp_client.cpp(70,101): warning C4267: 'initializing': conversion from 'size_t' to 'unsigned int', possible loss of data
  Generating Code...
D:\BitcoinWalletApp\SPV_CORE\SPV\SPV\tcp_client.cpp(146): warning C4715: 'tcp::tcp_client::getheaders': not all control paths return a value
     Creating library D:\BitcoinWalletApp\SPV_CORE\SPV\x64\Debug\SPV.lib and object D:\BitcoinWalletApp\SPV_CORE\SPV\x64\Debug\SPV.exp
  SPV.vcxproj -> D:\BitcoinWalletApp\SPV_CORE\SPV\x64\Debug\SPV.dll
