d:\bitcoinwalletapp\spv_core\spv\spv\x64\debug\vc142.pdb
d:\bitcoinwalletapp\spv_core\spv\spv\x64\debug\vc142.idb
d:\bitcoinwalletapp\spv_core\spv\spv\x64\debug\tcp_client.obj
d:\bitcoinwalletapp\spv_core\spv\spv\x64\debug\spv-model.obj
d:\bitcoinwalletapp\spv_core\spv\spv\x64\debug\pow.obj
d:\bitcoinwalletapp\spv_core\spv\spv\x64\debug\message.obj
d:\bitcoinwalletapp\spv_core\spv\spv\x64\debug\dllmain.obj
d:\bitcoinwalletapp\spv_core\spv\spv\x64\debug\converter.obj
d:\bitcoinwalletapp\spv_core\spv\spv\x64\debug\dissector.obj
d:\bitcoinwalletapp\spv_core\spv\spv\x64\debug\buffer.obj
d:\bitcoinwalletapp\spv_core\spv\spv\x64\debug\spv.ilk
d:\bitcoinwalletapp\spv_core\spv\x64\debug\spv.dll
d:\bitcoinwalletapp\spv_core\spv\x64\debug\spv.pdb
d:\bitcoinwalletapp\spv_core\spv\x64\debug\spv.lib
d:\bitcoinwalletapp\spv_core\spv\x64\debug\spv.exp
d:\bitcoinwalletapp\spv_core\spv\spv\x64\debug\spv.tlog\cl.command.1.tlog
d:\bitcoinwalletapp\spv_core\spv\spv\x64\debug\spv.tlog\cl.read.1.tlog
d:\bitcoinwalletapp\spv_core\spv\spv\x64\debug\spv.tlog\cl.write.1.tlog
d:\bitcoinwalletapp\spv_core\spv\spv\x64\debug\spv.tlog\link.command.1.tlog
d:\bitcoinwalletapp\spv_core\spv\spv\x64\debug\spv.tlog\link.read.1.tlog
d:\bitcoinwalletapp\spv_core\spv\spv\x64\debug\spv.tlog\link.write.1.tlog
d:\bitcoinwalletapp\spv_core\spv\spv\x64\debug\spv.tlog\spv.write.1u.tlog
