  buffer.cpp
  Please define _WIN32_WINNT or _WIN32_WINDOWS appropriately. For example:
  - add -D_WIN32_WINNT=0x0601 to the compiler command line; or
  - add _WIN32_WINNT=0x0601 to your project's Preprocessor Definitions.
  Assuming _WIN32_WINNT=0x0601 (i.e. Windows 7 target).
D:\BitcoinWalletApp\SPV_CORE\SPV\SPV\buffer.cpp(17,21): warning C4129: '/': unrecognized character escape sequence
  dissector.cpp
  Please define _WIN32_WINNT or _WIN32_WINDOWS appropriately. For example:
  - add -D_WIN32_WINNT=0x0601 to the compiler command line; or
  - add _WIN32_WINNT=0x0601 to your project's Preprocessor Definitions.
  Assuming _WIN32_WINNT=0x0601 (i.e. Windows 7 target).
  converter.cpp
  Please define _WIN32_WINNT or _WIN32_WINDOWS appropriately. For example:
  - add -D_WIN32_WINNT=0x0601 to the compiler command line; or
  - add _WIN32_WINNT=0x0601 to your project's Preprocessor Definitions.
  Assuming _WIN32_WINNT=0x0601 (i.e. Windows 7 target).
D:\BitcoinWalletApp\SPV_CORE\SPV\SPV\converter.cpp(16,26): warning C4267: 'initializing': conversion from 'size_t' to 'int', possible loss of data
D:\BitcoinWalletApp\SPV_CORE\SPV\SPV\converter.cpp(124,4): warning C4267: 'initializing': conversion from 'size_t' to 'int', possible loss of data
  dllmain.cpp
  message.cpp
  Please define _WIN32_WINNT or _WIN32_WINDOWS appropriately. For example:
  - add -D_WIN32_WINNT=0x0601 to the compiler command line; or
  - add _WIN32_WINNT=0x0601 to your project's Preprocessor Definitions.
  Assuming _WIN32_WINNT=0x0601 (i.e. Windows 7 target).
D:\BitcoinWalletApp\SPV_CORE\SPV\SPV\message.cpp(165,41): warning C4267: 'initializing': conversion from 'size_t' to 'uint32_t', possible loss of data
  pow.cpp
  Please define _WIN32_WINNT or _WIN32_WINDOWS appropriately. For example:
  - add -D_WIN32_WINNT=0x0601 to the compiler command line; or
  - add _WIN32_WINNT=0x0601 to your project's Preprocessor Definitions.
  Assuming _WIN32_WINNT=0x0601 (i.e. Windows 7 target).
  tcp_client.cpp
  Please define _WIN32_WINNT or _WIN32_WINDOWS appropriately. For example:
  - add -D_WIN32_WINNT=0x0601 to the compiler command line; or
  - add _WIN32_WINNT=0x0601 to your project's Preprocessor Definitions.
  Assuming _WIN32_WINNT=0x0601 (i.e. Windows 7 target).
D:\BitcoinWalletApp\SPV_CORE\SPV\SPV\tcp_client.cpp(67,101): warning C4267: 'initializing': conversion from 'size_t' to 'unsigned int', possible loss of data
LINK : fatal error LNK1104: cannot open file 'libboost_serialization-vc143-mt-x64-1_78.lib'
