d:\bitcoinwalletapp\spv_core\spv\spv\x64\release\vc142.pdb
d:\bitcoinwalletapp\spv_core\spv\spv\x64\release\tcp_client.obj
d:\bitcoinwalletapp\spv_core\spv\spv\x64\release\pow.obj
d:\bitcoinwalletapp\spv_core\spv\spv\x64\release\message.obj
d:\bitcoinwalletapp\spv_core\spv\spv\x64\release\header.pb.obj
d:\bitcoinwalletapp\spv_core\spv\spv\x64\release\dllmain.obj
d:\bitcoinwalletapp\spv_core\spv\spv\x64\release\converter.obj
d:\bitcoinwalletapp\spv_core\spv\spv\x64\release\dissector.obj
d:\bitcoinwalletapp\spv_core\spv\spv\x64\release\buffer.obj
d:\bitcoinwalletapp\spv_core\spv\x64\release\spv.dll
d:\bitcoinwalletapp\spv_core\spv\spv\x64\release\spv.ipdb
d:\bitcoinwalletapp\spv_core\spv\spv\x64\release\spv.iobj
d:\bitcoinwalletapp\spv_core\spv\x64\release\spv.pdb
d:\bitcoinwalletapp\spv_core\spv\x64\release\spv.lib
d:\bitcoinwalletapp\spv_core\spv\x64\release\spv.exp
d:\bitcoinwalletapp\spv_core\spv\spv\x64\release\spv.tlog\cl.command.1.tlog
d:\bitcoinwalletapp\spv_core\spv\spv\x64\release\spv.tlog\cl.read.1.tlog
d:\bitcoinwalletapp\spv_core\spv\spv\x64\release\spv.tlog\cl.write.1.tlog
d:\bitcoinwalletapp\spv_core\spv\spv\x64\release\spv.tlog\link.command.1.tlog
d:\bitcoinwalletapp\spv_core\spv\spv\x64\release\spv.tlog\link.read.1.tlog
d:\bitcoinwalletapp\spv_core\spv\spv\x64\release\spv.tlog\link.write.1.tlog
d:\bitcoinwalletapp\spv_core\spv\spv\x64\release\spv.tlog\spv.write.1u.tlog
