d:\bitcoinwalletapp\spv_core\spv\spv\debug\vc143.pdb
d:\bitcoinwalletapp\spv_core\spv\spv\debug\vc143.idb
d:\bitcoinwalletapp\spv_core\spv\spv\debug\tcp_client.nativecodeanalysis.sarif
d:\bitcoinwalletapp\spv_core\spv\spv\debug\tcp_client.nativecodeanalysis.xml
d:\bitcoinwalletapp\spv_core\spv\spv\debug\pow.nativecodeanalysis.sarif
d:\bitcoinwalletapp\spv_core\spv\spv\debug\pow.nativecodeanalysis.xml
d:\bitcoinwalletapp\spv_core\spv\spv\debug\murmurhash3.nativecodeanalysis.sarif
d:\bitcoinwalletapp\spv_core\spv\spv\debug\murmurhash3.nativecodeanalysis.xml
d:\bitcoinwalletapp\spv_core\spv\spv\debug\message.nativecodeanalysis.sarif
d:\bitcoinwalletapp\spv_core\spv\spv\debug\message.nativecodeanalysis.xml
d:\bitcoinwalletapp\spv_core\spv\spv\debug\dllmain.nativecodeanalysis.sarif
d:\bitcoinwalletapp\spv_core\spv\spv\debug\dllmain.nativecodeanalysis.xml
d:\bitcoinwalletapp\spv_core\spv\spv\debug\converter.nativecodeanalysis.sarif
d:\bitcoinwalletapp\spv_core\spv\spv\debug\converter.nativecodeanalysis.xml
d:\bitcoinwalletapp\spv_core\spv\spv\debug\dissector.nativecodeanalysis.sarif
d:\bitcoinwalletapp\spv_core\spv\spv\debug\dissector.nativecodeanalysis.xml
d:\bitcoinwalletapp\spv_core\spv\spv\debug\buffer.nativecodeanalysis.sarif
d:\bitcoinwalletapp\spv_core\spv\spv\debug\buffer.nativecodeanalysis.xml
d:\bitcoinwalletapp\spv_core\spv\spv\debug\buffer.obj
d:\bitcoinwalletapp\spv_core\spv\spv\debug\dissector.obj
d:\bitcoinwalletapp\spv_core\spv\spv\debug\converter.obj
d:\bitcoinwalletapp\spv_core\spv\spv\debug\dllmain.obj
d:\bitcoinwalletapp\spv_core\spv\spv\debug\message.obj
d:\bitcoinwalletapp\spv_core\spv\spv\debug\murmurhash3.obj
d:\bitcoinwalletapp\spv_core\spv\spv\debug\pow.obj
d:\bitcoinwalletapp\spv_core\spv\spv\debug\tcp_client.obj
d:\bitcoinwalletapp\spv_core\spv\spv\debug\spv.ilk
d:\bitcoinwalletapp\spv_core\spv\debug\spv.dll
d:\bitcoinwalletapp\spv_core\spv\debug\spv.pdb
d:\bitcoinwalletapp\spv_core\spv\debug\spv.lib
d:\bitcoinwalletapp\spv_core\spv\debug\spv.exp
d:\bitcoinwalletapp\spv_core\spv\debug\boost_serialization-vc143-mt-gd-x32-1_77.dll
d:\bitcoinwalletapp\spv_core\spv\spv\debug\vc.nativecodeanalysis.all.xml
d:\bitcoinwalletapp\spv_core\spv\spv\debug\spv.tlog\cl.command.1.tlog
d:\bitcoinwalletapp\spv_core\spv\spv\debug\spv.tlog\cl.read.1.tlog
d:\bitcoinwalletapp\spv_core\spv\spv\debug\spv.tlog\cl.write.1.tlog
d:\bitcoinwalletapp\spv_core\spv\spv\debug\spv.tlog\link.command.1.tlog
d:\bitcoinwalletapp\spv_core\spv\spv\debug\spv.tlog\link.read.1.tlog
d:\bitcoinwalletapp\spv_core\spv\spv\debug\spv.tlog\link.write.1.tlog
d:\bitcoinwalletapp\spv_core\spv\spv\debug\spv.tlog\spv.write.1u.tlog
