  buffer.cpp
  Please define _WIN32_WINNT or _WIN32_WINDOWS appropriately. For example:
  - add -D_WIN32_WINNT=0x0601 to the compiler command line; or
  - add _WIN32_WINNT=0x0601 to your project's Preprocessor Definitions.
  Assuming _WIN32_WINNT=0x0601 (i.e. Windows 7 target).
D:\BitcoinWalletApp\SPV_CORE\SPV\SPV\buffer.cpp(47,34): warning C4244: 'argument': conversion from 'const uintmax_t' to 'const unsigned int', possible loss of data
  dissector.cpp
  Please define _WIN32_WINNT or _WIN32_WINDOWS appropriately. For example:
  - add -D_WIN32_WINNT=0x0601 to the compiler command line; or
  - add _WIN32_WINNT=0x0601 to your project's Preprocessor Definitions.
  Assuming _WIN32_WINNT=0x0601 (i.e. Windows 7 target).
  converter.cpp
  Please define _WIN32_WINNT or _WIN32_WINDOWS appropriately. For example:
  - add -D_WIN32_WINNT=0x0601 to the compiler command line; or
  - add _WIN32_WINNT=0x0601 to your project's Preprocessor Definitions.
  Assuming _WIN32_WINNT=0x0601 (i.e. Windows 7 target).
  dllmain.cpp
  message.cpp
  Please define _WIN32_WINNT or _WIN32_WINDOWS appropriately. For example:
  - add -D_WIN32_WINNT=0x0601 to the compiler command line; or
  - add _WIN32_WINNT=0x0601 to your project's Preprocessor Definitions.
  Assuming _WIN32_WINNT=0x0601 (i.e. Windows 7 target).
D:\BitcoinWalletApp\SPV_CORE\SPV\SPV\message.cpp(127,26): warning C4244: 'initializing': conversion from 'double' to 'uint32_t', possible loss of data
  MurmurHash3.cpp
  pow.cpp
  Please define _WIN32_WINNT or _WIN32_WINDOWS appropriately. For example:
  - add -D_WIN32_WINNT=0x0601 to the compiler command line; or
  - add _WIN32_WINNT=0x0601 to your project's Preprocessor Definitions.
  Assuming _WIN32_WINNT=0x0601 (i.e. Windows 7 target).
D:\BitcoinWalletApp\SPV_CORE\SPV\SPV\pow.cpp(29,21): warning C4018: '<': signed/unsigned mismatch
  tcp_client.cpp
  Please define _WIN32_WINNT or _WIN32_WINDOWS appropriately. For example:
  - add -D_WIN32_WINNT=0x0601 to the compiler command line; or
  - add _WIN32_WINNT=0x0601 to your project's Preprocessor Definitions.
  Assuming _WIN32_WINNT=0x0601 (i.e. Windows 7 target).
  Generating Code...
D:\BitcoinWalletApp\SPV_CORE\SPV\SPV\tcp_client.cpp(185): warning C4715: 'tcp::tcp_client::getheaders': not all control paths return a value
D:\BitcoinWalletApp\SPV_CORE\SPV\SPV\converter.cpp(35): warning C4715: 'tcp::converter::is_even': not all control paths return a value
     Creating library D:\BitcoinWalletApp\SPV_CORE\SPV\Debug\SPV.lib and object D:\BitcoinWalletApp\SPV_CORE\SPV\Debug\SPV.exp
  SPV.vcxproj -> D:\BitcoinWalletApp\SPV_CORE\SPV\Debug\SPV.dll
